================
starting "typescript/TypeScript-master/tests/projects/demo/core/utilities.ts"
================
Keyword(Export)::2:8
Keyword(Function)::9:17
Ident(Ident("makeRandomName"))::18:32
Punct(OpenParen)::32:33
Punct(CloseParen)::33:34
Punct(OpenBrace)::35:36
Keyword(Return)::42:48
String(Double("Bob!?! "))::49:58
Punct(SemiColon)::58:59
Punct(CloseBrace)::61:62
Keyword(Export)::66:72
Keyword(Function)::73:81
Ident(Ident("lastElementOf"))::82:95
Punct(LessThan)::95:96
Ident(Ident("T"))::96:97
Punct(GreaterThan)::97:98
Punct(OpenParen)::98:99
Ident(Ident("arr"))::99:102
Punct(Colon)::102:103
Ident(Ident("T"))::104:105
Punct(OpenBracket)::105:106
Punct(CloseBracket)::106:107
Punct(CloseParen)::107:108
Punct(Colon)::108:109
Ident(Ident("T"))::110:111
Punct(Pipe)::112:113
Ident(Ident("undefined"))::114:123
Punct(OpenBrace)::124:125
Keyword(If)::131:133
Punct(OpenParen)::134:135
Ident(Ident("arr"))::135:138
Punct(Period)::138:139
Ident(Ident("length"))::139:145
Punct(TripleEqual)::146:149
Number(Number("0"))::150:151
Punct(CloseParen)::151:152
Keyword(Return)::153:159
Ident(Ident("undefined"))::160:169
Punct(SemiColon)::169:170
Keyword(Return)::176:182
Ident(Ident("arr"))::183:186
Punct(OpenBracket)::186:187
Ident(Ident("arr"))::187:190
Punct(Period)::190:191
Ident(Ident("length"))::191:197
Punct(Dash)::198:199
Number(Number("1"))::200:201
Punct(CloseBracket)::201:202
Punct(SemiColon)::202:203
Punct(CloseBrace)::205:206
EoF::210:210
================
starting "typescript/TypeScript-master/tests/projects/demo/zoo/zoo.ts"
================
Keyword(Import)::0:6
Punct(OpenBrace)::7:8
Ident(Ident("Dog"))::9:12
Punct(Comma)::12:13
Ident(Ident("createDog"))::14:23
Punct(CloseBrace)::24:25
Ident(Ident("from"))::26:30
String(Single("../animals/index"))::31:49
Punct(SemiColon)::49:50
Keyword(Export)::54:60
Keyword(Function)::61:69
Ident(Ident("createZoo"))::70:79
Punct(OpenParen)::79:80
Punct(CloseParen)::80:81
Punct(Colon)::81:82
Ident(Ident("Array"))::83:88
Punct(LessThan)::88:89
Ident(Ident("Dog"))::89:92
Punct(GreaterThan)::92:93
Punct(OpenBrace)::94:95
Keyword(Return)::101:107
Punct(OpenBracket)::108:109
Ident(Ident("createDog"))::119:128
Punct(OpenParen)::128:129
Punct(CloseParen)::129:130
Punct(CloseBracket)::136:137
Punct(SemiColon)::137:138
Punct(CloseBrace)::140:141
EoF::145:145
================
starting "typescript/TypeScript-master/tests/projects/demo/animals/dog.ts"
================
Keyword(Import)::0:6
Ident(Ident("Animal"))::7:13
Ident(Ident("from"))::14:18
String(Single("."))::19:22
Punct(SemiColon)::22:23
Keyword(Import)::25:31
Punct(OpenBrace)::32:33
Ident(Ident("makeRandomName"))::34:48
Punct(CloseBrace)::49:50
Ident(Ident("from"))::51:55
String(Single("../core/utilities"))::56:75
Punct(SemiColon)::75:76
Keyword(Export)::80:86
Keyword(Interface)::87:96
Ident(Ident("Dog"))::97:100
Ident(Ident("extends"))::101:108
Ident(Ident("Animal"))::109:115
Punct(OpenBrace)::116:117
Ident(Ident("woof"))::123:127
Punct(OpenParen)::127:128
Punct(CloseParen)::128:129
Punct(Colon)::129:130
Keyword(Void)::131:135
Punct(SemiColon)::135:136
Ident(Ident("name"))::142:146
Punct(Colon)::146:147
Ident(Ident("string"))::148:154
Punct(SemiColon)::154:155
Punct(CloseBrace)::157:158
Keyword(Export)::162:168
Keyword(Function)::169:177
Ident(Ident("createDog"))::178:187
Punct(OpenParen)::187:188
Punct(CloseParen)::188:189
Punct(Colon)::189:190
Ident(Ident("Dog"))::191:194
Punct(OpenBrace)::195:196
Keyword(Return)::202:208
Punct(OpenParen)::209:210
Punct(OpenBrace)::210:211
Ident(Ident("size"))::221:225
Punct(Colon)::225:226
String(Double("medium"))::227:235
Punct(Comma)::235:236
Ident(Ident("woof"))::246:250
Punct(Colon)::250:251
Keyword(Function)::252:260
Punct(OpenParen)::260:261
Keyword(This)::261:265
Punct(Colon)::265:266
Ident(Ident("Dog"))::267:270
Punct(CloseParen)::270:271
Punct(OpenBrace)::272:273
Ident(Ident("console"))::287:294
Punct(Period)::294:295
Ident(Ident("log"))::295:298
Punct(OpenParen)::298:299
Template(Head(""))::299:302
Keyword(This)::302:306
Punct(Period)::306:307
Ident(Ident("name"))::307:311
Template(Tail(" says \"Woof\"!"))::311:326
Punct(CloseParen)::326:327
Punct(SemiColon)::327:328
Punct(CloseBrace)::338:339
Punct(Comma)::339:340
Ident(Ident("name"))::350:354
Punct(Colon)::354:355
Ident(Ident("makeRandomName"))::356:370
Punct(OpenParen)::370:371
Punct(CloseParen)::371:372
Punct(CloseBrace)::378:379
Punct(CloseParen)::379:380
Punct(SemiColon)::380:381
Punct(CloseBrace)::383:384
EoF::388:388
================
starting "typescript/TypeScript-master/tests/projects/demo/animals/animal.ts"
================
Keyword(Export)::0:6
Ident(Ident("type"))::7:11
Ident(Ident("Size"))::12:16
Punct(Equal)::17:18
String(Double("small"))::19:26
Punct(Pipe)::27:28
String(Double("medium"))::29:37
Punct(Pipe)::38:39
String(Double("large"))::40:47
Punct(SemiColon)::47:48
Keyword(Export)::50:56
Keyword(Default)::57:64
Keyword(Interface)::65:74
Ident(Ident("Animal"))::75:81
Punct(OpenBrace)::82:83
Ident(Ident("size"))::89:93
Punct(Colon)::93:94
Ident(Ident("Size"))::95:99
Punct(SemiColon)::99:100
Punct(CloseBrace)::102:103
EoF::105:105
================
starting "typescript/TypeScript-master/tests/projects/demo/animals/index.ts"
================
Keyword(Import)::0:6
Ident(Ident("Animal"))::7:13
Ident(Ident("from"))::14:18
String(Single("./animal"))::19:29
Punct(SemiColon)::29:30
Keyword(Export)::34:40
Keyword(Default)::41:48
Ident(Ident("Animal"))::49:55
Punct(SemiColon)::55:56
Keyword(Import)::58:64
Punct(OpenBrace)::65:66
Ident(Ident("createDog"))::67:76
Punct(Comma)::76:77
Ident(Ident("Dog"))::78:81
Punct(CloseBrace)::82:83
Ident(Ident("from"))::84:88
String(Single("./dog"))::89:96
Punct(SemiColon)::96:97
Keyword(Export)::99:105
Punct(OpenBrace)::106:107
Ident(Ident("createDog"))::108:117
Punct(Comma)::117:118
Ident(Ident("Dog"))::119:122
Punct(CloseBrace)::123:124
Punct(SemiColon)::124:125
EoF::127:127
================
starting "typescript/TypeScript-master/tests/projects/inferredTypeFromTransitiveModule/lazyIndex.ts"
================
Keyword(Export)::0:6
Punct(OpenBrace)::7:8
Keyword(Default)::9:16
Ident(Ident("as"))::17:19
Ident(Ident("bar"))::20:23
Punct(CloseBrace)::24:25
Ident(Ident("from"))::26:30
String(Single("./bar"))::31:38
Punct(SemiColon)::38:39
EoF::40:40
================
starting "typescript/TypeScript-master/tests/projects/inferredTypeFromTransitiveModule/bar.ts"
================
Keyword(Interface)::0:9
Ident(Ident("RawAction"))::10:19
Punct(OpenBrace)::20:21
Punct(OpenParen)::27:28
Punct(Ellipsis)::28:31
Ident(Ident("args"))::31:35
Punct(Colon)::35:36
Ident(Ident("any"))::37:40
Punct(OpenBracket)::40:41
Punct(CloseBracket)::41:42
Punct(CloseParen)::42:43
Punct(Colon)::43:44
Ident(Ident("Promise"))::45:52
Punct(LessThan)::52:53
Ident(Ident("any"))::53:56
Punct(GreaterThan)::56:57
Punct(Pipe)::58:59
Keyword(Void)::60:64
Punct(SemiColon)::64:65
Punct(CloseBrace)::67:68
Keyword(Interface)::70:79
Ident(Ident("ActionFactory"))::80:93
Punct(OpenBrace)::94:95
Punct(LessThan)::101:102
Ident(Ident("T"))::102:103
Ident(Ident("extends"))::104:111
Ident(Ident("RawAction"))::112:121
Punct(GreaterThan)::121:122
Punct(OpenParen)::122:123
Ident(Ident("target"))::123:129
Punct(Colon)::129:130
Ident(Ident("T"))::131:132
Punct(CloseParen)::132:133
Punct(Colon)::133:134
Ident(Ident("T"))::135:136
Punct(SemiColon)::136:137
Punct(CloseBrace)::139:140
Ident(Ident("declare"))::142:149
Keyword(Function)::150:158
Ident(Ident("foo"))::159:162
Punct(LessThan)::162:163
Ident(Ident("U"))::163:164
Ident(Ident("extends"))::165:172
Ident(Ident("any"))::173:176
Punct(OpenBracket)::176:177
Punct(CloseBracket)::177:178
Punct(Equal)::179:180
Ident(Ident("any"))::181:184
Punct(OpenBracket)::184:185
Punct(CloseBracket)::185:186
Punct(GreaterThan)::186:187
Punct(OpenParen)::187:188
Punct(CloseParen)::188:189
Punct(Colon)::189:190
Ident(Ident("ActionFactory"))::191:204
Punct(SemiColon)::204:205
Keyword(Export)::207:213
Keyword(Default)::214:221
Ident(Ident("foo"))::222:225
Punct(OpenParen)::225:226
Punct(CloseParen)::226:227
Punct(OpenParen)::227:228
Keyword(Function)::228:236
Ident(Ident("foobar"))::237:243
Punct(OpenParen)::243:244
Ident(Ident("param"))::244:249
Punct(Colon)::249:250
Ident(Ident("string"))::251:257
Punct(CloseParen)::257:258
Punct(Colon)::258:259
Keyword(Void)::260:264
Punct(OpenBrace)::265:266
Punct(CloseBrace)::268:269
Punct(CloseParen)::269:270
Punct(SemiColon)::270:271
EoF::271:271
================
starting "typescript/TypeScript-master/tests/projects/inferredTypeFromTransitiveModule/bundling.ts"
================
Keyword(Export)::0:6
Keyword(Class)::7:12
Ident(Ident("LazyModule"))::13:23
Punct(LessThan)::23:24
Ident(Ident("TModule"))::24:31
Punct(GreaterThan)::31:32
Punct(OpenBrace)::33:34
Ident(Ident("constructor"))::40:51
Punct(OpenParen)::51:52
Keyword(Private)::52:59
Ident(Ident("importCallback"))::60:74
Punct(Colon)::74:75
Punct(OpenParen)::76:77
Punct(CloseParen)::77:78
Punct(EqualGreaterThan)::79:81
Ident(Ident("Promise"))::82:89
Punct(LessThan)::89:90
Ident(Ident("TModule"))::90:97
Punct(GreaterThan)::97:98
Punct(CloseParen)::98:99
Punct(OpenBrace)::100:101
Punct(CloseBrace)::101:102
Punct(CloseBrace)::104:105
Keyword(Export)::109:115
Keyword(Class)::116:121
Ident(Ident("LazyAction"))::122:132
Punct(LessThan)::132:133
Ident(Ident("TAction"))::139:146
Ident(Ident("extends"))::147:154
Punct(OpenParen)::155:156
Punct(Ellipsis)::156:159
Ident(Ident("args"))::159:163
Punct(Colon)::163:164
Ident(Ident("any"))::165:168
Punct(OpenBracket)::168:169
Punct(CloseBracket)::169:170
Punct(CloseParen)::170:171
Punct(EqualGreaterThan)::172:174
Ident(Ident("any"))::175:178
Punct(Comma)::178:179
Ident(Ident("TModule"))::185:192
Punct(GreaterThan)::194:195
Punct(OpenBrace)::197:198
Ident(Ident("constructor"))::204:215
Punct(OpenParen)::215:216
Ident(Ident("_lazyModule"))::216:227
Punct(Colon)::227:228
Ident(Ident("LazyModule"))::229:239
Punct(LessThan)::239:240
Ident(Ident("TModule"))::240:247
Punct(GreaterThan)::247:248
Punct(Comma)::248:249
Ident(Ident("_getter"))::250:257
Punct(Colon)::257:258
Punct(OpenParen)::259:260
Ident(Ident("module"))::260:266
Punct(Colon)::266:267
Ident(Ident("TModule"))::268:275
Punct(CloseParen)::275:276
Punct(EqualGreaterThan)::277:279
Ident(Ident("TAction"))::280:287
Punct(CloseParen)::287:288
Punct(OpenBrace)::289:290
Punct(CloseBrace)::296:297
Punct(CloseBrace)::299:300
EoF::302:302
================
starting "typescript/TypeScript-master/tests/projects/inferredTypeFromTransitiveModule/global.d.ts"
================
Keyword(Interface)::0:9
Ident(Ident("PromiseConstructor"))::10:28
Punct(OpenBrace)::29:30
Keyword(New)::36:39
Punct(LessThan)::40:41
Ident(Ident("T"))::41:42
Punct(GreaterThan)::42:43
Punct(OpenParen)::43:44
Punct(CloseParen)::44:45
Punct(Colon)::45:46
Ident(Ident("Promise"))::47:54
Punct(LessThan)::54:55
Ident(Ident("T"))::55:56
Punct(GreaterThan)::56:57
Punct(SemiColon)::57:58
Punct(CloseBrace)::60:61
Ident(Ident("declare"))::63:70
Keyword(Var)::71:74
Ident(Ident("Promise"))::75:82
Punct(Colon)::82:83
Ident(Ident("PromiseConstructor"))::84:102
Punct(SemiColon)::102:103
Keyword(Interface)::105:114
Ident(Ident("Promise"))::115:122
Punct(LessThan)::122:123
Ident(Ident("T"))::123:124
Punct(GreaterThan)::124:125
Punct(OpenBrace)::126:127
Punct(CloseBrace)::129:130
EoF::130:130
================
starting "typescript/TypeScript-master/tests/projects/inferredTypeFromTransitiveModule/index.ts"
================
Keyword(Import)::0:6
Punct(OpenBrace)::7:8
Ident(Ident("LazyAction"))::9:19
Punct(Comma)::19:20
Ident(Ident("LazyModule"))::21:31
Punct(CloseBrace)::32:33
Ident(Ident("from"))::34:38
String(Single("./bundling"))::39:51
Punct(SemiColon)::51:52
Keyword(Const)::54:59
Ident(Ident("lazyModule"))::60:70
Punct(Equal)::71:72
Keyword(New)::73:76
Ident(Ident("LazyModule"))::77:87
Punct(OpenParen)::87:88
Punct(OpenParen)::88:89
Punct(CloseParen)::89:90
Punct(EqualGreaterThan)::91:93
Keyword(Import)::99:105
Punct(OpenParen)::105:106
String(Single("./lazyIndex"))::106:119
Punct(CloseParen)::119:120
Punct(CloseParen)::122:123
Punct(SemiColon)::123:124
Keyword(Export)::126:132
Keyword(Const)::133:138
Ident(Ident("lazyBar"))::139:146
Punct(Equal)::147:148
Keyword(New)::149:152
Ident(Ident("LazyAction"))::153:163
Punct(OpenParen)::163:164
Ident(Ident("lazyModule"))::164:174
Punct(Comma)::174:175
Ident(Ident("m"))::176:177
Punct(EqualGreaterThan)::178:180
Ident(Ident("m"))::181:182
Punct(Period)::182:183
Ident(Ident("bar"))::183:186
Punct(CloseParen)::186:187
Punct(SemiColon)::187:188
EoF::188:188
================
starting "typescript/TypeScript-master/tests/projects/outfile-concat/first/first_part3.ts"
================
Keyword(Function)::0:8
Ident(Ident("f"))::9:10
Punct(OpenParen)::10:11
Punct(CloseParen)::11:12
Punct(OpenBrace)::13:14
Keyword(Return)::20:26
String(Double("JS does hoists"))::27:43
Punct(SemiColon)::43:44
Punct(CloseBrace)::46:47
EoF::47:47
================
starting "typescript/TypeScript-master/tests/projects/outfile-concat/first/first_part2.ts"
================
Ident(Ident("console"))::0:7
Punct(Period)::7:8
Ident(Ident("log"))::8:11
Punct(OpenParen)::11:12
Ident(Ident("f"))::12:13
Punct(OpenParen)::13:14
Punct(CloseParen)::14:15
Punct(CloseParen)::15:16
Punct(SemiColon)::16:17
EoF::19:19
================
starting "typescript/TypeScript-master/tests/projects/outfile-concat/first/first_PART1.ts"
================
Keyword(Interface)::0:9
Ident(Ident("TheFirst"))::10:18
Punct(OpenBrace)::19:20
Ident(Ident("none"))::26:30
Punct(Colon)::30:31
Ident(Ident("any"))::32:35
Punct(SemiColon)::35:36
Punct(CloseBrace)::38:39
Keyword(Const)::43:48
Ident(Ident("s"))::49:50
Punct(Equal)::51:52
String(Double("Hello, world"))::53:67
Punct(SemiColon)::67:68
Keyword(Interface)::72:81
Ident(Ident("NoJsForHereEither"))::82:99
Punct(OpenBrace)::100:101
Ident(Ident("none"))::107:111
Punct(Colon)::111:112
Ident(Ident("any"))::113:116
Punct(SemiColon)::116:117
Punct(CloseBrace)::119:120
Ident(Ident("console"))::124:131
Punct(Period)::131:132
Ident(Ident("log"))::132:135
Punct(OpenParen)::135:136
Ident(Ident("s"))::136:137
Punct(CloseParen)::137:138
Punct(SemiColon)::138:139
EoF::141:141
================
starting "typescript/TypeScript-master/tests/projects/outfile-concat/third/third_part1.ts"
================
Keyword(Var)::0:3
Ident(Ident("c"))::4:5
Punct(Equal)::6:7
Keyword(New)::8:11
Ident(Ident("C"))::12:13
Punct(OpenParen)::13:14
Punct(CloseParen)::14:15
Punct(SemiColon)::15:16
Ident(Ident("c"))::18:19
Punct(Period)::19:20
Ident(Ident("doSomething"))::20:31
Punct(OpenParen)::31:32
Punct(CloseParen)::32:33
Punct(SemiColon)::33:34
EoF::36:36
================
starting "typescript/TypeScript-master/tests/projects/outfile-concat/second/second_part2.ts"
================
Keyword(Class)::0:5
Ident(Ident("C"))::6:7
Punct(OpenBrace)::8:9
Ident(Ident("doSomething"))::15:26
Punct(OpenParen)::26:27
Punct(CloseParen)::27:28
Punct(OpenBrace)::29:30
Ident(Ident("console"))::40:47
Punct(Period)::47:48
Ident(Ident("log"))::48:51
Punct(OpenParen)::51:52
String(Double("something got done"))::52:72
Punct(CloseParen)::72:73
Punct(SemiColon)::73:74
Punct(CloseBrace)::80:81
Punct(CloseBrace)::83:84
EoF::86:86
================
starting "typescript/TypeScript-master/tests/projects/outfile-concat/second/second_part1.ts"
================
Ident(Ident("namespace"))::0:9
Ident(Ident("N"))::10:11
Punct(OpenBrace)::12:13
Comment(Comment { kind: Single, content: " Comment text", tail_content: None })::19:34
Punct(CloseBrace)::36:37
Ident(Ident("namespace"))::41:50
Ident(Ident("N"))::51:52
Punct(OpenBrace)::53:54
Keyword(Function)::60:68
Ident(Ident("f"))::69:70
Punct(OpenParen)::70:71
Punct(CloseParen)::71:72
Punct(OpenBrace)::73:74
Ident(Ident("console"))::84:91
Punct(Period)::91:92
Ident(Ident("log"))::92:95
Punct(OpenParen)::95:96
String(Single("testing"))::96:105
Punct(CloseParen)::105:106
Punct(SemiColon)::106:107
Punct(CloseBrace)::113:114
Ident(Ident("f"))::122:123
Punct(OpenParen)::123:124
Punct(CloseParen)::124:125
Punct(SemiColon)::125:126
Punct(CloseBrace)::128:129
EoF::131:131
================
starting "typescript/TypeScript-master/tests/projects/amdModulesWithOut/app/file4.ts"
================
Keyword(Const)::0:5
Ident(Ident("myVar"))::6:11
Punct(Equal)::12:13
Number(Number("30"))::14:16
Punct(SemiColon)::16:17
EoF::17:17
================
starting "typescript/TypeScript-master/tests/projects/amdModulesWithOut/app/file3.ts"
================
Keyword(Export)::0:6
Keyword(Const)::7:12
Ident(Ident("z"))::13:14
Punct(Equal)::15:16
Number(Number("30"))::17:19
Punct(SemiColon)::19:20
Keyword(Import)::22:28
Punct(OpenBrace)::29:30
Ident(Ident("x"))::31:32
Punct(CloseBrace)::33:34
Ident(Ident("from"))::35:39
String(Double("file1"))::40:47
Punct(SemiColon)::47:48
EoF::48:48
================
starting "typescript/TypeScript-master/tests/projects/amdModulesWithOut/lib/file1.ts"
================
Keyword(Export)::0:6
Keyword(Const)::7:12
Ident(Ident("x"))::13:14
Punct(Equal)::15:16
Number(Number("10"))::17:19
Punct(SemiColon)::19:20
EoF::20:20
================
starting "typescript/TypeScript-master/tests/projects/amdModulesWithOut/lib/file0.ts"
================
Keyword(Const)::0:5
Ident(Ident("myGlob"))::6:12
Punct(Equal)::13:14
Number(Number("20"))::15:17
Punct(SemiColon)::17:18
EoF::18:18
================
starting "typescript/TypeScript-master/tests/projects/amdModulesWithOut/lib/file2.ts"
================
Keyword(Export)::0:6
Keyword(Const)::7:12
Ident(Ident("y"))::13:14
Punct(Equal)::15:16
Number(Number("20"))::17:19
Punct(SemiColon)::19:20
EoF::20:20
================
starting "typescript/TypeScript-master/tests/projects/amdModulesWithOut/lib/global.ts"
================
Keyword(Const)::0:5
Ident(Ident("globalConst"))::6:17
Punct(Equal)::18:19
Number(Number("10"))::20:22
Punct(SemiColon)::22:23
EoF::23:23
================
starting "typescript/TypeScript-master/tests/projects/lateBoundSymbol/src/globals.d.ts"
================
Keyword(Interface)::0:9
Ident(Ident("SymbolConstructor"))::10:27
Punct(OpenBrace)::28:29
Punct(OpenParen)::34:35
Ident(Ident("description"))::35:46
Punct(QuestionMark)::46:47
Punct(Colon)::47:48
Ident(Ident("string"))::49:55
Punct(Pipe)::56:57
Ident(Ident("number"))::58:64
Punct(CloseParen)::64:65
Punct(Colon)::65:66
Ident(Ident("symbol"))::67:73
Punct(SemiColon)::73:74
Punct(CloseBrace)::75:76
Ident(Ident("declare"))::77:84
Keyword(Var)::85:88
Ident(Ident("Symbol"))::89:95
Punct(Colon)::95:96
Ident(Ident("SymbolConstructor"))::97:114
Punct(SemiColon)::114:115
EoF::115:115
================
starting "typescript/TypeScript-master/tests/projects/lateBoundSymbol/src/hkt.ts"
================
Keyword(Export)::0:6
Keyword(Interface)::7:16
Ident(Ident("HKT"))::17:20
Punct(LessThan)::20:21
Ident(Ident("T"))::21:22
Punct(GreaterThan)::22:23
Punct(OpenBrace)::24:25
Punct(CloseBrace)::26:27
EoF::27:27
================
starting "typescript/TypeScript-master/tests/projects/lateBoundSymbol/src/main.ts"
================
Keyword(Import)::0:6
Punct(OpenBrace)::7:8
Ident(Ident("HKT"))::9:12
Punct(CloseBrace)::13:14
Ident(Ident("from"))::15:19
String(Double("./hkt"))::20:27
Punct(SemiColon)::27:28
Keyword(Const)::32:37
Ident(Ident("sym"))::38:41
Punct(Equal)::42:43
Ident(Ident("Symbol"))::44:50
Punct(OpenParen)::50:51
Punct(CloseParen)::51:52
Punct(SemiColon)::52:53
Ident(Ident("declare"))::57:64
Ident(Ident("module"))::65:71
String(Double("./hkt"))::72:79
Punct(OpenBrace)::80:81
Keyword(Interface)::85:94
Ident(Ident("HKT"))::95:98
Punct(LessThan)::98:99
Ident(Ident("T"))::99:100
Punct(GreaterThan)::100:101
Punct(OpenBrace)::102:103
Punct(OpenBracket)::109:110
Ident(Ident("sym"))::110:113
Punct(CloseBracket)::113:114
Punct(Colon)::114:115
Punct(OpenBrace)::116:117
Ident(Ident("a"))::118:119
Punct(Colon)::119:120
Ident(Ident("T"))::121:122
Punct(CloseBrace)::123:124
Punct(CloseBrace)::128:129
Punct(CloseBrace)::131:132
Keyword(Const)::134:139
Ident(Ident("x"))::140:141
Punct(Equal)::142:143
Number(Number("10"))::144:146
Punct(SemiColon)::146:147
Ident(Ident("type"))::149:153
Ident(Ident("A"))::154:155
Punct(Equal)::156:157
Ident(Ident("HKT"))::158:161
Punct(LessThan)::161:162
Ident(Ident("number"))::162:168
Punct(GreaterThan)::168:169
Punct(OpenBracket)::169:170
Keyword(TypeOf)::170:176
Ident(Ident("sym"))::177:180
Punct(CloseBracket)::180:181
Punct(SemiColon)::181:182
EoF::182:182
================
starting "typescript/TypeScript-master/tests/projects/projectReferenceWithRootDirInParent/src/other/other.ts"
================
Keyword(Export)::0:6
Keyword(Const)::7:12
Ident(Ident("Other"))::13:18
Punct(Equal)::19:20
Number(Number("0"))::21:22
Punct(SemiColon)::22:23
EoF::25:25
================
starting "typescript/TypeScript-master/tests/projects/projectReferenceWithRootDirInParent/src/main/b.ts"
================
Keyword(Export)::0:6
Keyword(Const)::7:12
Ident(Ident("b"))::13:14
Punct(Equal)::15:16
Number(Number("0"))::17:18
Punct(SemiColon)::18:19
EoF::21:21
================
starting "typescript/TypeScript-master/tests/projects/projectReferenceWithRootDirInParent/src/main/a.ts"
================
Keyword(Import)::0:6
Punct(OpenBrace)::7:8
Ident(Ident("b"))::9:10
Punct(CloseBrace)::11:12
Ident(Ident("from"))::13:17
String(Single("./b"))::18:23
Punct(SemiColon)::23:24
Keyword(Const)::26:31
Ident(Ident("a"))::32:33
Punct(Equal)::34:35
Ident(Ident("b"))::36:37
Punct(SemiColon)::37:38
EoF::38:38
================
starting "typescript/TypeScript-master/tests/projects/container/exec/index.ts"
================
Ident(Ident("namespace"))::0:9
Ident(Ident("container"))::10:19
Punct(OpenBrace)::20:21
Keyword(Export)::27:33
Keyword(Function)::34:42
Ident(Ident("getMyConst"))::43:53
Punct(OpenParen)::53:54
Punct(CloseParen)::54:55
Punct(OpenBrace)::56:57
Keyword(Return)::67:73
Ident(Ident("myConst"))::74:81
Punct(SemiColon)::81:82
Punct(CloseBrace)::88:89
Punct(CloseBrace)::91:92
EoF::92:92
================
starting "typescript/TypeScript-master/tests/projects/container/compositeExec/index.ts"
================
Ident(Ident("namespace"))::0:9
Ident(Ident("container"))::10:19
Punct(OpenBrace)::20:21
Keyword(Export)::27:33
Keyword(Function)::34:42
Ident(Ident("getMyConst"))::43:53
Punct(OpenParen)::53:54
Punct(CloseParen)::54:55
Punct(OpenBrace)::56:57
Keyword(Return)::67:73
Ident(Ident("myConst"))::74:81
Punct(SemiColon)::81:82
Punct(CloseBrace)::88:89
Punct(CloseBrace)::91:92
EoF::92:92
================
starting "typescript/TypeScript-master/tests/projects/container/lib/index.ts"
================
Ident(Ident("namespace"))::0:9
Ident(Ident("container"))::10:19
Punct(OpenBrace)::20:21
Keyword(Export)::27:33
Keyword(Const)::34:39
Ident(Ident("myConst"))::40:47
Punct(Equal)::48:49
Number(Number("30"))::50:52
Punct(SemiColon)::52:53
Punct(CloseBrace)::55:56
EoF::56:56
================
starting "typescript/TypeScript-master/tests/projects/sample1/ui/index.ts"
================
Keyword(Import)::0:6
Punct(Asterisk)::7:8
Ident(Ident("as"))::9:11
Ident(Ident("logic"))::12:17
Ident(Ident("from"))::18:22
String(Single("../logic"))::23:33
Punct(SemiColon)::33:34
Keyword(Export)::38:44
Keyword(Function)::45:53
Ident(Ident("run"))::54:57
Punct(OpenParen)::57:58
Punct(CloseParen)::58:59
Punct(OpenBrace)::60:61
Ident(Ident("console"))::67:74
Punct(Period)::74:75
Ident(Ident("log"))::75:78
Punct(OpenParen)::78:79
Ident(Ident("logic"))::79:84
Punct(Period)::84:85
Ident(Ident("getSecondsInDay"))::85:100
Punct(OpenParen)::100:101
Punct(CloseParen)::101:102
Punct(CloseParen)::102:103
Punct(SemiColon)::103:104
Punct(CloseBrace)::106:107
EoF::109:109
================
starting "typescript/TypeScript-master/tests/projects/sample1/core/some_decl.d.ts"
================
Ident(Ident("declare"))::0:7
Keyword(Const)::8:13
Ident(Ident("dts"))::14:17
Punct(Colon)::17:18
Ident(Ident("any"))::19:22
Punct(SemiColon)::22:23
EoF::25:25
================
starting "typescript/TypeScript-master/tests/projects/sample1/core/anotherModule.ts"
================
Keyword(Export)::0:6
Keyword(Const)::7:12
Ident(Ident("World"))::13:18
Punct(Equal)::19:20
String(Double("hello"))::21:28
Punct(SemiColon)::28:29
EoF::31:31
================
starting "typescript/TypeScript-master/tests/projects/sample1/core/index.ts"
================
Keyword(Export)::0:6
Keyword(Const)::7:12
Ident(Ident("someString"))::13:23
Punct(Colon)::23:24
Ident(Ident("string"))::25:31
Punct(Equal)::32:33
String(Double("HELLO WORLD"))::34:47
Punct(SemiColon)::47:48
Keyword(Export)::50:56
Keyword(Function)::57:65
Ident(Ident("leftPad"))::66:73
Punct(OpenParen)::73:74
Ident(Ident("s"))::74:75
Punct(Colon)::75:76
Ident(Ident("string"))::77:83
Punct(Comma)::83:84
Ident(Ident("n"))::85:86
Punct(Colon)::86:87
Ident(Ident("number"))::88:94
Punct(CloseParen)::94:95
Punct(OpenBrace)::96:97
Keyword(Return)::98:104
Ident(Ident("s"))::105:106
Punct(Plus)::107:108
Ident(Ident("n"))::109:110
Punct(SemiColon)::110:111
Punct(CloseBrace)::112:113
Keyword(Export)::115:121
Keyword(Function)::122:130
Ident(Ident("multiply"))::131:139
Punct(OpenParen)::139:140
Ident(Ident("a"))::140:141
Punct(Colon)::141:142
Ident(Ident("number"))::143:149
Punct(Comma)::149:150
Ident(Ident("b"))::151:152
Punct(Colon)::152:153
Ident(Ident("number"))::154:160
Punct(CloseParen)::160:161
Punct(OpenBrace)::162:163
Keyword(Return)::164:170
Ident(Ident("a"))::171:172
Punct(Asterisk)::173:174
Ident(Ident("b"))::175:176
Punct(SemiColon)::176:177
Punct(CloseBrace)::178:179
EoF::181:181
================
starting "typescript/TypeScript-master/tests/projects/sample1/tests/index.ts"
================
Keyword(Import)::0:6
Punct(Asterisk)::7:8
Ident(Ident("as"))::9:11
Ident(Ident("c"))::12:13
Ident(Ident("from"))::14:18
String(Single("../core/index"))::19:34
Punct(SemiColon)::34:35
Keyword(Import)::37:43
Punct(Asterisk)::44:45
Ident(Ident("as"))::46:48
Ident(Ident("logic"))::49:54
Ident(Ident("from"))::55:59
String(Single("../logic/index"))::60:76
Punct(SemiColon)::76:77
Ident(Ident("c"))::81:82
Punct(Period)::82:83
Ident(Ident("leftPad"))::83:90
Punct(OpenParen)::90:91
String(Double(""))::91:93
Punct(Comma)::93:94
Number(Number("10"))::95:97
Punct(CloseParen)::97:98
Punct(SemiColon)::98:99
Ident(Ident("logic"))::101:106
Punct(Period)::106:107
Ident(Ident("getSecondsInDay"))::107:122
Punct(OpenParen)::122:123
Punct(CloseParen)::123:124
Punct(SemiColon)::124:125
Keyword(Import)::129:135
Punct(Asterisk)::136:137
Ident(Ident("as"))::138:140
Ident(Ident("mod"))::141:144
Ident(Ident("from"))::145:149
String(Single("../core/anotherModule"))::150:173
Punct(SemiColon)::173:174
Keyword(Export)::176:182
Keyword(Const)::183:188
Ident(Ident("m"))::189:190
Punct(Equal)::191:192
Ident(Ident("mod"))::193:196
Punct(SemiColon)::196:197
EoF::199:199
================
starting "typescript/TypeScript-master/tests/projects/sample1/logic/index.ts"
================
Keyword(Import)::0:6
Punct(Asterisk)::7:8
Ident(Ident("as"))::9:11
Ident(Ident("c"))::12:13
Ident(Ident("from"))::14:18
String(Single("../core/index"))::19:34
Punct(SemiColon)::34:35
Keyword(Export)::37:43
Keyword(Function)::44:52
Ident(Ident("getSecondsInDay"))::53:68
Punct(OpenParen)::68:69
Punct(CloseParen)::69:70
Punct(OpenBrace)::71:72
Keyword(Return)::78:84
Ident(Ident("c"))::85:86
Punct(Period)::86:87
Ident(Ident("multiply"))::87:95
Punct(OpenParen)::95:96
Number(Number("10"))::96:98
Punct(Comma)::98:99
Number(Number("15"))::100:102
Punct(CloseParen)::102:103
Punct(SemiColon)::103:104
Punct(CloseBrace)::106:107
Keyword(Import)::109:115
Punct(Asterisk)::116:117
Ident(Ident("as"))::118:120
Ident(Ident("mod"))::121:124
Ident(Ident("from"))::125:129
String(Single("../core/anotherModule"))::130:153
Punct(SemiColon)::153:154
Keyword(Export)::156:162
Keyword(Const)::163:168
Ident(Ident("m"))::169:170
Punct(Equal)::171:172
Ident(Ident("mod"))::173:176
Punct(SemiColon)::176:177
EoF::179:179
================
starting "typescript/TypeScript-master/tests/projects/empty-files/core/index.ts"
================
Keyword(Export)::0:6
Keyword(Function)::7:15
Ident(Ident("multiply"))::16:24
Punct(OpenParen)::24:25
Ident(Ident("a"))::25:26
Punct(Colon)::26:27
Ident(Ident("number"))::28:34
Punct(Comma)::34:35
Ident(Ident("b"))::36:37
Punct(Colon)::37:38
Ident(Ident("number"))::39:45
Punct(CloseParen)::45:46
Punct(OpenBrace)::47:48
Keyword(Return)::49:55
Ident(Ident("a"))::56:57
Punct(Asterisk)::58:59
Ident(Ident("b"))::60:61
Punct(SemiColon)::61:62
Punct(CloseBrace)::63:64
EoF::66:66
================
starting "typescript/TypeScript-master/tests/projects/containerOnlyReferenced/tests/index.ts"
================
Keyword(Export)::0:6
Keyword(Const)::7:12
Ident(Ident("x"))::13:14
Punct(Equal)::15:16
Number(Number("10"))::17:19
Punct(SemiColon)::19:20
EoF::20:20
================
starting "typescript/TypeScript-master/tests/projects/containerOnlyReferenced/src/folder2/index.ts"
================
Keyword(Export)::0:6
Keyword(Const)::7:12
Ident(Ident("x"))::13:14
Punct(Equal)::15:16
Number(Number("10"))::17:19
Punct(SemiColon)::19:20
EoF::20:20
================
starting "typescript/TypeScript-master/tests/projects/containerOnlyReferenced/src/folder/index.ts"
================
Keyword(Export)::0:6
Keyword(Const)::7:12
Ident(Ident("x"))::13:14
Punct(Equal)::15:16
Number(Number("10"))::17:19
Punct(SemiColon)::19:20
EoF::20:20
================
starting "typescript/TypeScript-master/tests/projects/transitiveReferences/b.ts"
================
Keyword(Import)::0:6
Punct(OpenBrace)::7:8
Ident(Ident("A"))::8:9
Punct(CloseBrace)::9:10
Ident(Ident("from"))::11:15
String(Single("@ref/a"))::16:24
Punct(SemiColon)::24:25
Keyword(Export)::27:33
Keyword(Const)::34:39
Ident(Ident("b"))::40:41
Punct(Equal)::42:43
Keyword(New)::44:47
Ident(Ident("A"))::48:49
Punct(OpenParen)::49:50
Punct(CloseParen)::50:51
Punct(SemiColon)::51:52
EoF::54:54
================
starting "typescript/TypeScript-master/tests/projects/transitiveReferences/c.ts"
================
Keyword(Import)::0:6
Punct(OpenBrace)::7:8
Ident(Ident("b"))::8:9
Punct(CloseBrace)::9:10
Ident(Ident("from"))::11:15
String(Single("./b"))::16:21
Punct(SemiColon)::21:22
Keyword(Import)::24:30
Punct(OpenBrace)::31:32
Ident(Ident("X"))::32:33
Punct(CloseBrace)::33:34
Ident(Ident("from"))::35:39
String(Double("@ref/a"))::40:48
Punct(SemiColon)::48:49
Ident(Ident("b"))::51:52
Punct(SemiColon)::52:53
Ident(Ident("X"))::55:56
Punct(SemiColon)::56:57
EoF::57:57
================
starting "typescript/TypeScript-master/tests/projects/transitiveReferences/refs/a.d.ts"
================
Keyword(Export)::0:6
Keyword(Class)::7:12
Ident(Ident("X"))::13:14
Punct(OpenBrace)::15:16
Punct(CloseBrace)::16:17
Keyword(Export)::19:25
Keyword(Class)::26:31
Ident(Ident("A"))::32:33
Punct(OpenBrace)::34:35
Punct(CloseBrace)::35:36
EoF::38:38
================
starting "typescript/TypeScript-master/tests/projects/transitiveReferences/a.ts"
================
Keyword(Export)::0:6
Keyword(Class)::7:12
Ident(Ident("A"))::13:14
Punct(OpenBrace)::15:16
Punct(CloseBrace)::16:17
EoF::19:19
================
starting "typescript/TypeScript-master/tests/projects/importJsonFromProjectReference/main/index.ts"
================
Keyword(Import)::0:6
Punct(OpenBrace)::7:8
Ident(Ident("foo"))::9:12
Punct(CloseBrace)::13:14
Ident(Ident("from"))::15:19
String(Single("../strings/foo.json"))::20:41
Punct(SemiColon)::41:42
Ident(Ident("console"))::44:51
Punct(Period)::51:52
Ident(Ident("log"))::52:55
Punct(OpenParen)::55:56
Ident(Ident("foo"))::56:59
Punct(CloseParen)::59:60
Punct(SemiColon)::60:61
EoF::61:61
================
starting "typescript/TypeScript-master/tests/projects/resolveJsonModuleAndComposite/src/index.ts"
================
Keyword(Import)::0:6
Ident(Ident("hello"))::7:12
Ident(Ident("from"))::13:17
String(Double("./hello.json"))::18:32
Keyword(Export)::34:40
Keyword(Default)::41:48
Ident(Ident("hello"))::49:54
Punct(Period)::54:55
Ident(Ident("hello"))::55:60
EoF::60:60
